The system is: Linux - 4.4.92-31-default - x86_64
Compiling the C compiler identification source file "CMakeCCompilerId.c" succeeded.
Compiler: /usr/bin/cc 
Build flags: 
Id flags:  

The output was:
0


Compilation of the C compiler identification source "CMakeCCompilerId.c" produced "a.out"

The C compiler identification is GNU, found in "/home/jeandsmith/Documents/College_Projects/Computer_Science_101/paper-scissor-rock-game/cmake-build-relwithdebinfo/CMakeFiles/3.8.2/CompilerIdC/a.out"

Compiling the CXX compiler identification source file "CMakeCXXCompilerId.cpp" succeeded.
Compiler: /usr/bin/c++ 
Build flags: 
Id flags:  

The output was:
0


Compilation of the CXX compiler identification source "CMakeCXXCompilerId.cpp" produced "a.out"

The CXX compiler identification is GNU, found in "/home/jeandsmith/Documents/College_Projects/Computer_Science_101/paper-scissor-rock-game/cmake-build-relwithdebinfo/CMakeFiles/3.8.2/CompilerIdCXX/a.out"

Determining if the C compiler works passed with the following output:
Change Dir: /home/jeandsmith/Documents/College_Projects/Computer_Science_101/paper-scissor-rock-game/cmake-build-relwithdebinfo/CMakeFiles/CMakeTmp

Run Build Command:"/usr/bin/gmake" "cmTC_0e0fb/fast"
/usr/bin/gmake -f CMakeFiles/cmTC_0e0fb.dir/build.make CMakeFiles/cmTC_0e0fb.dir/build
gmake[1]: Entering directory '/home/jeandsmith/Documents/College_Projects/Computer_Science_101/paper-scissor-rock-game/cmake-build-relwithdebinfo/CMakeFiles/CMakeTmp'
Building C object CMakeFiles/cmTC_0e0fb.dir/testCCompiler.c.o
/usr/bin/cc    -o CMakeFiles/cmTC_0e0fb.dir/testCCompiler.c.o   -c /home/jeandsmith/Documents/College_Projects/Computer_Science_101/paper-scissor-rock-game/cmake-build-relwithdebinfo/CMakeFiles/CMakeTmp/testCCompiler.c
Linking C executable cmTC_0e0fb
/home/jeandsmith/.local/share/JetBrains/Toolbox/apps/CLion/ch-0/172.4343.16/bin/cmake/bin/cmake -E cmake_link_script CMakeFiles/cmTC_0e0fb.dir/link.txt --verbose=1
/usr/bin/cc      CMakeFiles/cmTC_0e0fb.dir/testCCompiler.c.o  -o cmTC_0e0fb 
gmake[1]: Leaving directory '/home/jeandsmith/Documents/College_Projects/Computer_Science_101/paper-scissor-rock-game/cmake-build-relwithdebinfo/CMakeFiles/CMakeTmp'


Detecting C compiler ABI info compiled with the following output:
Change Dir: /home/jeandsmith/Documents/College_Projects/Computer_Science_101/paper-scissor-rock-game/cmake-build-relwithdebinfo/CMakeFiles/CMakeTmp

Run Build Command:"/usr/bin/gmake" "cmTC_3526d/fast"
/usr/bin/gmake -f CMakeFiles/cmTC_3526d.dir/build.make CMakeFiles/cmTC_3526d.dir/build
gmake[1]: Entering directory '/home/jeandsmith/Documents/College_Projects/Computer_Science_101/paper-scissor-rock-game/cmake-build-relwithdebinfo/CMakeFiles/CMakeTmp'
Building C object CMakeFiles/cmTC_3526d.dir/CMakeCCompilerABI.c.o
/usr/bin/cc    -o CMakeFiles/cmTC_3526d.dir/CMakeCCompilerABI.c.o   -c /home/jeandsmith/.local/share/JetBrains/Toolbox/apps/CLion/ch-0/172.4343.16/bin/cmake/share/cmake-3.8/Modules/CMakeCCompilerABI.c
Linking C executable cmTC_3526d
/home/jeandsmith/.local/share/JetBrains/Toolbox/apps/CLion/ch-0/172.4343.16/bin/cmake/bin/cmake -E cmake_link_script CMakeFiles/cmTC_3526d.dir/link.txt --verbose=1
/usr/bin/cc     -v CMakeFiles/cmTC_3526d.dir/CMakeCCompilerABI.c.o  -o cmTC_3526d 
Using built-in specs.
COLLECT_GCC=/usr/bin/cc
COLLECT_LTO_WRAPPER=/usr/lib64/gcc/x86_64-suse-linux/4.8/lto-wrapper
Target: x86_64-suse-linux
Configured with: ../configure --prefix=/usr --infodir=/usr/share/info --mandir=/usr/share/man --libdir=/usr/lib64 --libexecdir=/usr/lib64 --enable-languages=c,c++,objc,fortran,obj-c++,java,ada --enable-checking=release --with-gxx-include-dir=/usr/include/c++/4.8 --enable-ssp --disable-libssp --disable-plugin --with-bugurl=http://bugs.opensuse.org/ --with-pkgversion='SUSE Linux' --disable-libgcj --disable-libmudflap --with-slibdir=/lib64 --with-system-zlib --enable-__cxa_atexit --enable-libstdcxx-allocator=new --disable-libstdcxx-pch --enable-version-specific-runtime-libs --enable-linker-build-id --enable-linux-futex --program-suffix=-4.8 --without-system-libunwind --with-arch-32=i586 --with-tune=generic --build=x86_64-suse-linux --host=x86_64-suse-linux
Thread model: posix
gcc version 4.8.5 (SUSE Linux) 
COMPILER_PATH=/usr/lib64/gcc/x86_64-suse-linux/4.8/:/usr/lib64/gcc/x86_64-suse-linux/4.8/:/usr/lib64/gcc/x86_64-suse-linux/:/usr/lib64/gcc/x86_64-suse-linux/4.8/:/usr/lib64/gcc/x86_64-suse-linux/:/usr/lib64/gcc/x86_64-suse-linux/4.8/../../../../x86_64-suse-linux/bin/
LIBRARY_PATH=/usr/lib64/gcc/x86_64-suse-linux/4.8/:/usr/lib64/gcc/x86_64-suse-linux/4.8/../../../../lib64/:/lib/../lib64/:/usr/lib/../lib64/:/usr/lib64/gcc/x86_64-suse-linux/4.8/../../../../x86_64-suse-linux/lib/:/usr/lib64/gcc/x86_64-suse-linux/4.8/../../../:/lib/:/usr/lib/
COLLECT_GCC_OPTIONS='-v' '-o' 'cmTC_3526d' '-mtune=generic' '-march=x86-64'
 /usr/lib64/gcc/x86_64-suse-linux/4.8/collect2 --build-id --eh-frame-hdr -m elf_x86_64 -dynamic-linker /lib64/ld-linux-x86-64.so.2 -o cmTC_3526d /usr/lib64/gcc/x86_64-suse-linux/4.8/../../../../lib64/crt1.o /usr/lib64/gcc/x86_64-suse-linux/4.8/../../../../lib64/crti.o /usr/lib64/gcc/x86_64-suse-linux/4.8/crtbegin.o -L/usr/lib64/gcc/x86_64-suse-linux/4.8 -L/usr/lib64/gcc/x86_64-suse-linux/4.8/../../../../lib64 -L/lib/../lib64 -L/usr/lib/../lib64 -L/usr/lib64/gcc/x86_64-suse-linux/4.8/../../../../x86_64-suse-linux/lib -L/usr/lib64/gcc/x86_64-suse-linux/4.8/../../.. CMakeFiles/cmTC_3526d.dir/CMakeCCompilerABI.c.o -lgcc --as-needed -lgcc_s --no-as-needed -lc -lgcc --as-needed -lgcc_s --no-as-needed /usr/lib64/gcc/x86_64-suse-linux/4.8/crtend.o /usr/lib64/gcc/x86_64-suse-linux/4.8/../../../../lib64/crtn.o
gmake[1]: Leaving directory '/home/jeandsmith/Documents/College_Projects/Computer_Science_101/paper-scissor-rock-game/cmake-build-relwithdebinfo/CMakeFiles/CMakeTmp'


Parsed C implicit link information from above output:
  link line regex: [^( *|.*[/\])(ld|([^/\]+-)?ld|collect2)[^/\]*( |$)]
  ignore line: [Change Dir: /home/jeandsmith/Documents/College_Projects/Computer_Science_101/paper-scissor-rock-game/cmake-build-relwithdebinfo/CMakeFiles/CMakeTmp]
  ignore line: []
  ignore line: [Run Build Command:"/usr/bin/gmake" "cmTC_3526d/fast"]
  ignore line: [/usr/bin/gmake -f CMakeFiles/cmTC_3526d.dir/build.make CMakeFiles/cmTC_3526d.dir/build]
  ignore line: [gmake[1]: Entering directory '/home/jeandsmith/Documents/College_Projects/Computer_Science_101/paper-scissor-rock-game/cmake-build-relwithdebinfo/CMakeFiles/CMakeTmp']
  ignore line: [Building C object CMakeFiles/cmTC_3526d.dir/CMakeCCompilerABI.c.o]
  ignore line: [/usr/bin/cc    -o CMakeFiles/cmTC_3526d.dir/CMakeCCompilerABI.c.o   -c /home/jeandsmith/.local/share/JetBrains/Toolbox/apps/CLion/ch-0/172.4343.16/bin/cmake/share/cmake-3.8/Modules/CMakeCCompilerABI.c]
  ignore line: [Linking C executable cmTC_3526d]
  ignore line: [/home/jeandsmith/.local/share/JetBrains/Toolbox/apps/CLion/ch-0/172.4343.16/bin/cmake/bin/cmake -E cmake_link_script CMakeFiles/cmTC_3526d.dir/link.txt --verbose=1]
  ignore line: [/usr/bin/cc     -v CMakeFiles/cmTC_3526d.dir/CMakeCCompilerABI.c.o  -o cmTC_3526d ]
  ignore line: [Using built-in specs.]
  ignore line: [COLLECT_GCC=/usr/bin/cc]
  ignore line: [COLLECT_LTO_WRAPPER=/usr/lib64/gcc/x86_64-suse-linux/4.8/lto-wrapper]
  ignore line: [Target: x86_64-suse-linux]
  ignore line: [Configured with: ../configure --prefix=/usr --infodir=/usr/share/info --mandir=/usr/share/man --libdir=/usr/lib64 --libexecdir=/usr/lib64 --enable-languages=c,c++,objc,fortran,obj-c++,java,ada --enable-checking=release --with-gxx-include-dir=/usr/include/c++/4.8 --enable-ssp --disable-libssp --disable-plugin --with-bugurl=http://bugs.opensuse.org/ --with-pkgversion='SUSE Linux' --disable-libgcj --disable-libmudflap --with-slibdir=/lib64 --with-system-zlib --enable-__cxa_atexit --enable-libstdcxx-allocator=new --disable-libstdcxx-pch --enable-version-specific-runtime-libs --enable-linker-build-id --enable-linux-futex --program-suffix=-4.8 --without-system-libunwind --with-arch-32=i586 --with-tune=generic --build=x86_64-suse-linux --host=x86_64-suse-linux]
  ignore line: [Thread model: posix]
  ignore line: [gcc version 4.8.5 (SUSE Linux) ]
  ignore line: [COMPILER_PATH=/usr/lib64/gcc/x86_64-suse-linux/4.8/:/usr/lib64/gcc/x86_64-suse-linux/4.8/:/usr/lib64/gcc/x86_64-suse-linux/:/usr/lib64/gcc/x86_64-suse-linux/4.8/:/usr/lib64/gcc/x86_64-suse-linux/:/usr/lib64/gcc/x86_64-suse-linux/4.8/../../../../x86_64-suse-linux/bin/]
  ignore line: [LIBRARY_PATH=/usr/lib64/gcc/x86_64-suse-linux/4.8/:/usr/lib64/gcc/x86_64-suse-linux/4.8/../../../../lib64/:/lib/../lib64/:/usr/lib/../lib64/:/usr/lib64/gcc/x86_64-suse-linux/4.8/../../../../x86_64-suse-linux/lib/:/usr/lib64/gcc/x86_64-suse-linux/4.8/../../../:/lib/:/usr/lib/]
  ignore line: [COLLECT_GCC_OPTIONS='-v' '-o' 'cmTC_3526d' '-mtune=generic' '-march=x86-64']
  link line: [ /usr/lib64/gcc/x86_64-suse-linux/4.8/collect2 --build-id --eh-frame-hdr -m elf_x86_64 -dynamic-linker /lib64/ld-linux-x86-64.so.2 -o cmTC_3526d /usr/lib64/gcc/x86_64-suse-linux/4.8/../../../../lib64/crt1.o /usr/lib64/gcc/x86_64-suse-linux/4.8/../../../../lib64/crti.o /usr/lib64/gcc/x86_64-suse-linux/4.8/crtbegin.o -L/usr/lib64/gcc/x86_64-suse-linux/4.8 -L/usr/lib64/gcc/x86_64-suse-linux/4.8/../../../../lib64 -L/lib/../lib64 -L/usr/lib/../lib64 -L/usr/lib64/gcc/x86_64-suse-linux/4.8/../../../../x86_64-suse-linux/lib -L/usr/lib64/gcc/x86_64-suse-linux/4.8/../../.. CMakeFiles/cmTC_3526d.dir/CMakeCCompilerABI.c.o -lgcc --as-needed -lgcc_s --no-as-needed -lc -lgcc --as-needed -lgcc_s --no-as-needed /usr/lib64/gcc/x86_64-suse-linux/4.8/crtend.o /usr/lib64/gcc/x86_64-suse-linux/4.8/../../../../lib64/crtn.o]
    arg [/usr/lib64/gcc/x86_64-suse-linux/4.8/collect2] ==> ignore
    arg [--build-id] ==> ignore
    arg [--eh-frame-hdr] ==> ignore
    arg [-m] ==> ignore
    arg [elf_x86_64] ==> ignore
    arg [-dynamic-linker] ==> ignore
    arg [/lib64/ld-linux-x86-64.so.2] ==> ignore
    arg [-o] ==> ignore
    arg [cmTC_3526d] ==> ignore
    arg [/usr/lib64/gcc/x86_64-suse-linux/4.8/../../../../lib64/crt1.o] ==> ignore
    arg [/usr/lib64/gcc/x86_64-suse-linux/4.8/../../../../lib64/crti.o] ==> ignore
    arg [/usr/lib64/gcc/x86_64-suse-linux/4.8/crtbegin.o] ==> ignore
    arg [-L/usr/lib64/gcc/x86_64-suse-linux/4.8] ==> dir [/usr/lib64/gcc/x86_64-suse-linux/4.8]
    arg [-L/usr/lib64/gcc/x86_64-suse-linux/4.8/../../../../lib64] ==> dir [/usr/lib64/gcc/x86_64-suse-linux/4.8/../../../../lib64]
    arg [-L/lib/../lib64] ==> dir [/lib/../lib64]
    arg [-L/usr/lib/../lib64] ==> dir [/usr/lib/../lib64]
    arg [-L/usr/lib64/gcc/x86_64-suse-linux/4.8/../../../../x86_64-suse-linux/lib] ==> dir [/usr/lib64/gcc/x86_64-suse-linux/4.8/../../../../x86_64-suse-linux/lib]
    arg [-L/usr/lib64/gcc/x86_64-suse-linux/4.8/../../..] ==> dir [/usr/lib64/gcc/x86_64-suse-linux/4.8/../../..]
    arg [CMakeFiles/cmTC_3526d.dir/CMakeCCompilerABI.c.o] ==> ignore
    arg [-lgcc] ==> lib [gcc]
    arg [--as-needed] ==> ignore
    arg [-lgcc_s] ==> lib [gcc_s]
    arg [--no-as-needed] ==> ignore
    arg [-lc] ==> lib [c]
    arg [-lgcc] ==> lib [gcc]
    arg [--as-needed] ==> ignore
    arg [-lgcc_s] ==> lib [gcc_s]
    arg [--no-as-needed] ==> ignore
    arg [/usr/lib64/gcc/x86_64-suse-linux/4.8/crtend.o] ==> ignore
    arg [/usr/lib64/gcc/x86_64-suse-linux/4.8/../../../../lib64/crtn.o] ==> ignore
  remove lib [gcc]
  remove lib [gcc_s]
  remove lib [gcc]
  remove lib [gcc_s]
  collapse library dir [/usr/lib64/gcc/x86_64-suse-linux/4.8] ==> [/usr/lib64/gcc/x86_64-suse-linux/4.8]
  collapse library dir [/usr/lib64/gcc/x86_64-suse-linux/4.8/../../../../lib64] ==> [/usr/lib64]
  collapse library dir [/lib/../lib64] ==> [/lib64]
  collapse library dir [/usr/lib/../lib64] ==> [/usr/lib64]
  collapse library dir [/usr/lib64/gcc/x86_64-suse-linux/4.8/../../../../x86_64-suse-linux/lib] ==> [/usr/x86_64-suse-linux/lib]
  collapse library dir [/usr/lib64/gcc/x86_64-suse-linux/4.8/../../..] ==> [/usr/lib64]
  implicit libs: [c]
  implicit dirs: [/usr/lib64/gcc/x86_64-suse-linux/4.8;/usr/lib64;/lib64;/usr/x86_64-suse-linux/lib]
  implicit fwks: []




Detecting C [-std=c11] compiler features compiled with the following output:
Change Dir: /home/jeandsmith/Documents/College_Projects/Computer_Science_101/paper-scissor-rock-game/cmake-build-relwithdebinfo/CMakeFiles/CMakeTmp

Run Build Command:"/usr/bin/gmake" "cmTC_1a2c0/fast"
/usr/bin/gmake -f CMakeFiles/cmTC_1a2c0.dir/build.make CMakeFiles/cmTC_1a2c0.dir/build
gmake[1]: Entering directory '/home/jeandsmith/Documents/College_Projects/Computer_Science_101/paper-scissor-rock-game/cmake-build-relwithdebinfo/CMakeFiles/CMakeTmp'
Building C object CMakeFiles/cmTC_1a2c0.dir/feature_tests.c.o
/usr/bin/cc   -std=c11 -o CMakeFiles/cmTC_1a2c0.dir/feature_tests.c.o   -c /home/jeandsmith/Documents/College_Projects/Computer_Science_101/paper-scissor-rock-game/cmake-build-relwithdebinfo/CMakeFiles/feature_tests.c
Linking C executable cmTC_1a2c0
/home/jeandsmith/.local/share/JetBrains/Toolbox/apps/CLion/ch-0/172.4343.16/bin/cmake/bin/cmake -E cmake_link_script CMakeFiles/cmTC_1a2c0.dir/link.txt --verbose=1
/usr/bin/cc      CMakeFiles/cmTC_1a2c0.dir/feature_tests.c.o  -o cmTC_1a2c0 
gmake[1]: Leaving directory '/home/jeandsmith/Documents/College_Projects/Computer_Science_101/paper-scissor-rock-game/cmake-build-relwithdebinfo/CMakeFiles/CMakeTmp'


    Feature record: C_FEATURE:1c_function_prototypes
    Feature record: C_FEATURE:1c_restrict
    Feature record: C_FEATURE:1c_static_assert
    Feature record: C_FEATURE:1c_variadic_macros


Detecting C [-std=c99] compiler features compiled with the following output:
Change Dir: /home/jeandsmith/Documents/College_Projects/Computer_Science_101/paper-scissor-rock-game/cmake-build-relwithdebinfo/CMakeFiles/CMakeTmp

Run Build Command:"/usr/bin/gmake" "cmTC_9ecba/fast"
/usr/bin/gmake -f CMakeFiles/cmTC_9ecba.dir/build.make CMakeFiles/cmTC_9ecba.dir/build
gmake[1]: Entering directory '/home/jeandsmith/Documents/College_Projects/Computer_Science_101/paper-scissor-rock-game/cmake-build-relwithdebinfo/CMakeFiles/CMakeTmp'
Building C object CMakeFiles/cmTC_9ecba.dir/feature_tests.c.o
/usr/bin/cc   -std=c99 -o CMakeFiles/cmTC_9ecba.dir/feature_tests.c.o   -c /home/jeandsmith/Documents/College_Projects/Computer_Science_101/paper-scissor-rock-game/cmake-build-relwithdebinfo/CMakeFiles/feature_tests.c
Linking C executable cmTC_9ecba
/home/jeandsmith/.local/share/JetBrains/Toolbox/apps/CLion/ch-0/172.4343.16/bin/cmake/bin/cmake -E cmake_link_script CMakeFiles/cmTC_9ecba.dir/link.txt --verbose=1
/usr/bin/cc      CMakeFiles/cmTC_9ecba.dir/feature_tests.c.o  -o cmTC_9ecba 
gmake[1]: Leaving directory '/home/jeandsmith/Documents/College_Projects/Computer_Science_101/paper-scissor-rock-game/cmake-build-relwithdebinfo/CMakeFiles/CMakeTmp'


    Feature record: C_FEATURE:1c_function_prototypes
    Feature record: C_FEATURE:1c_restrict
    Feature record: C_FEATURE:0c_static_assert
    Feature record: C_FEATURE:1c_variadic_macros


Detecting C [-std=c90] compiler features compiled with the following output:
Change Dir: /home/jeandsmith/Documents/College_Projects/Computer_Science_101/paper-scissor-rock-game/cmake-build-relwithdebinfo/CMakeFiles/CMakeTmp

Run Build Command:"/usr/bin/gmake" "cmTC_f26ba/fast"
/usr/bin/gmake -f CMakeFiles/cmTC_f26ba.dir/build.make CMakeFiles/cmTC_f26ba.dir/build
gmake[1]: Entering directory '/home/jeandsmith/Documents/College_Projects/Computer_Science_101/paper-scissor-rock-game/cmake-build-relwithdebinfo/CMakeFiles/CMakeTmp'
Building C object CMakeFiles/cmTC_f26ba.dir/feature_tests.c.o
/usr/bin/cc   -std=c90 -o CMakeFiles/cmTC_f26ba.dir/feature_tests.c.o   -c /home/jeandsmith/Documents/College_Projects/Computer_Science_101/paper-scissor-rock-game/cmake-build-relwithdebinfo/CMakeFiles/feature_tests.c
Linking C executable cmTC_f26ba
/home/jeandsmith/.local/share/JetBrains/Toolbox/apps/CLion/ch-0/172.4343.16/bin/cmake/bin/cmake -E cmake_link_script CMakeFiles/cmTC_f26ba.dir/link.txt --verbose=1
/usr/bin/cc      CMakeFiles/cmTC_f26ba.dir/feature_tests.c.o  -o cmTC_f26ba 
gmake[1]: Leaving directory '/home/jeandsmith/Documents/College_Projects/Computer_Science_101/paper-scissor-rock-game/cmake-build-relwithdebinfo/CMakeFiles/CMakeTmp'


    Feature record: C_FEATURE:1c_function_prototypes
    Feature record: C_FEATURE:0c_restrict
    Feature record: C_FEATURE:0c_static_assert
    Feature record: C_FEATURE:0c_variadic_macros
Determining if the CXX compiler works passed with the following output:
Change Dir: /home/jeandsmith/Documents/College_Projects/Computer_Science_101/paper-scissor-rock-game/cmake-build-relwithdebinfo/CMakeFiles/CMakeTmp

Run Build Command:"/usr/bin/gmake" "cmTC_c8644/fast"
/usr/bin/gmake -f CMakeFiles/cmTC_c8644.dir/build.make CMakeFiles/cmTC_c8644.dir/build
gmake[1]: Entering directory '/home/jeandsmith/Documents/College_Projects/Computer_Science_101/paper-scissor-rock-game/cmake-build-relwithdebinfo/CMakeFiles/CMakeTmp'
Building CXX object CMakeFiles/cmTC_c8644.dir/testCXXCompiler.cxx.o
/usr/bin/c++     -o CMakeFiles/cmTC_c8644.dir/testCXXCompiler.cxx.o -c /home/jeandsmith/Documents/College_Projects/Computer_Science_101/paper-scissor-rock-game/cmake-build-relwithdebinfo/CMakeFiles/CMakeTmp/testCXXCompiler.cxx
Linking CXX executable cmTC_c8644
/home/jeandsmith/.local/share/JetBrains/Toolbox/apps/CLion/ch-0/172.4343.16/bin/cmake/bin/cmake -E cmake_link_script CMakeFiles/cmTC_c8644.dir/link.txt --verbose=1
/usr/bin/c++       CMakeFiles/cmTC_c8644.dir/testCXXCompiler.cxx.o  -o cmTC_c8644 
gmake[1]: Leaving directory '/home/jeandsmith/Documents/College_Projects/Computer_Science_101/paper-scissor-rock-game/cmake-build-relwithdebinfo/CMakeFiles/CMakeTmp'


Detecting CXX compiler ABI info compiled with the following output:
Change Dir: /home/jeandsmith/Documents/College_Projects/Computer_Science_101/paper-scissor-rock-game/cmake-build-relwithdebinfo/CMakeFiles/CMakeTmp

Run Build Command:"/usr/bin/gmake" "cmTC_98289/fast"
/usr/bin/gmake -f CMakeFiles/cmTC_98289.dir/build.make CMakeFiles/cmTC_98289.dir/build
gmake[1]: Entering directory '/home/jeandsmith/Documents/College_Projects/Computer_Science_101/paper-scissor-rock-game/cmake-build-relwithdebinfo/CMakeFiles/CMakeTmp'
Building CXX object CMakeFiles/cmTC_98289.dir/CMakeCXXCompilerABI.cpp.o
/usr/bin/c++     -o CMakeFiles/cmTC_98289.dir/CMakeCXXCompilerABI.cpp.o -c /home/jeandsmith/.local/share/JetBrains/Toolbox/apps/CLion/ch-0/172.4343.16/bin/cmake/share/cmake-3.8/Modules/CMakeCXXCompilerABI.cpp
Linking CXX executable cmTC_98289
/home/jeandsmith/.local/share/JetBrains/Toolbox/apps/CLion/ch-0/172.4343.16/bin/cmake/bin/cmake -E cmake_link_script CMakeFiles/cmTC_98289.dir/link.txt --verbose=1
/usr/bin/c++      -v CMakeFiles/cmTC_98289.dir/CMakeCXXCompilerABI.cpp.o  -o cmTC_98289 
Using built-in specs.
COLLECT_GCC=/usr/bin/c++
COLLECT_LTO_WRAPPER=/usr/lib64/gcc/x86_64-suse-linux/4.8/lto-wrapper
Target: x86_64-suse-linux
Configured with: ../configure --prefix=/usr --infodir=/usr/share/info --mandir=/usr/share/man --libdir=/usr/lib64 --libexecdir=/usr/lib64 --enable-languages=c,c++,objc,fortran,obj-c++,java,ada --enable-checking=release --with-gxx-include-dir=/usr/include/c++/4.8 --enable-ssp --disable-libssp --disable-plugin --with-bugurl=http://bugs.opensuse.org/ --with-pkgversion='SUSE Linux' --disable-libgcj --disable-libmudflap --with-slibdir=/lib64 --with-system-zlib --enable-__cxa_atexit --enable-libstdcxx-allocator=new --disable-libstdcxx-pch --enable-version-specific-runtime-libs --enable-linker-build-id --enable-linux-futex --program-suffix=-4.8 --without-system-libunwind --with-arch-32=i586 --with-tune=generic --build=x86_64-suse-linux --host=x86_64-suse-linux
Thread model: posix
gcc version 4.8.5 (SUSE Linux) 
COMPILER_PATH=/usr/lib64/gcc/x86_64-suse-linux/4.8/:/usr/lib64/gcc/x86_64-suse-linux/4.8/:/usr/lib64/gcc/x86_64-suse-linux/:/usr/lib64/gcc/x86_64-suse-linux/4.8/:/usr/lib64/gcc/x86_64-suse-linux/:/usr/lib64/gcc/x86_64-suse-linux/4.8/../../../../x86_64-suse-linux/bin/
LIBRARY_PATH=/usr/lib64/gcc/x86_64-suse-linux/4.8/:/usr/lib64/gcc/x86_64-suse-linux/4.8/../../../../lib64/:/lib/../lib64/:/usr/lib/../lib64/:/usr/lib64/gcc/x86_64-suse-linux/4.8/../../../../x86_64-suse-linux/lib/:/usr/lib64/gcc/x86_64-suse-linux/4.8/../../../:/lib/:/usr/lib/
COLLECT_GCC_OPTIONS='-v' '-o' 'cmTC_98289' '-shared-libgcc' '-mtune=generic' '-march=x86-64'
 /usr/lib64/gcc/x86_64-suse-linux/4.8/collect2 --build-id --eh-frame-hdr -m elf_x86_64 -dynamic-linker /lib64/ld-linux-x86-64.so.2 -o cmTC_98289 /usr/lib64/gcc/x86_64-suse-linux/4.8/../../../../lib64/crt1.o /usr/lib64/gcc/x86_64-suse-linux/4.8/../../../../lib64/crti.o /usr/lib64/gcc/x86_64-suse-linux/4.8/crtbegin.o -L/usr/lib64/gcc/x86_64-suse-linux/4.8 -L/usr/lib64/gcc/x86_64-suse-linux/4.8/../../../../lib64 -L/lib/../lib64 -L/usr/lib/../lib64 -L/usr/lib64/gcc/x86_64-suse-linux/4.8/../../../../x86_64-suse-linux/lib -L/usr/lib64/gcc/x86_64-suse-linux/4.8/../../.. CMakeFiles/cmTC_98289.dir/CMakeCXXCompilerABI.cpp.o -lstdc++ -lm -lgcc_s -lgcc -lc -lgcc_s -lgcc /usr/lib64/gcc/x86_64-suse-linux/4.8/crtend.o /usr/lib64/gcc/x86_64-suse-linux/4.8/../../../../lib64/crtn.o
gmake[1]: Leaving directory '/home/jeandsmith/Documents/College_Projects/Computer_Science_101/paper-scissor-rock-game/cmake-build-relwithdebinfo/CMakeFiles/CMakeTmp'


Parsed CXX implicit link information from above output:
  link line regex: [^( *|.*[/\])(ld|([^/\]+-)?ld|collect2)[^/\]*( |$)]
  ignore line: [Change Dir: /home/jeandsmith/Documents/College_Projects/Computer_Science_101/paper-scissor-rock-game/cmake-build-relwithdebinfo/CMakeFiles/CMakeTmp]
  ignore line: []
  ignore line: [Run Build Command:"/usr/bin/gmake" "cmTC_98289/fast"]
  ignore line: [/usr/bin/gmake -f CMakeFiles/cmTC_98289.dir/build.make CMakeFiles/cmTC_98289.dir/build]
  ignore line: [gmake[1]: Entering directory '/home/jeandsmith/Documents/College_Projects/Computer_Science_101/paper-scissor-rock-game/cmake-build-relwithdebinfo/CMakeFiles/CMakeTmp']
  ignore line: [Building CXX object CMakeFiles/cmTC_98289.dir/CMakeCXXCompilerABI.cpp.o]
  ignore line: [/usr/bin/c++     -o CMakeFiles/cmTC_98289.dir/CMakeCXXCompilerABI.cpp.o -c /home/jeandsmith/.local/share/JetBrains/Toolbox/apps/CLion/ch-0/172.4343.16/bin/cmake/share/cmake-3.8/Modules/CMakeCXXCompilerABI.cpp]
  ignore line: [Linking CXX executable cmTC_98289]
  ignore line: [/home/jeandsmith/.local/share/JetBrains/Toolbox/apps/CLion/ch-0/172.4343.16/bin/cmake/bin/cmake -E cmake_link_script CMakeFiles/cmTC_98289.dir/link.txt --verbose=1]
  ignore line: [/usr/bin/c++      -v CMakeFiles/cmTC_98289.dir/CMakeCXXCompilerABI.cpp.o  -o cmTC_98289 ]
  ignore line: [Using built-in specs.]
  ignore line: [COLLECT_GCC=/usr/bin/c++]
  ignore line: [COLLECT_LTO_WRAPPER=/usr/lib64/gcc/x86_64-suse-linux/4.8/lto-wrapper]
  ignore line: [Target: x86_64-suse-linux]
  ignore line: [Configured with: ../configure --prefix=/usr --infodir=/usr/share/info --mandir=/usr/share/man --libdir=/usr/lib64 --libexecdir=/usr/lib64 --enable-languages=c,c++,objc,fortran,obj-c++,java,ada --enable-checking=release --with-gxx-include-dir=/usr/include/c++/4.8 --enable-ssp --disable-libssp --disable-plugin --with-bugurl=http://bugs.opensuse.org/ --with-pkgversion='SUSE Linux' --disable-libgcj --disable-libmudflap --with-slibdir=/lib64 --with-system-zlib --enable-__cxa_atexit --enable-libstdcxx-allocator=new --disable-libstdcxx-pch --enable-version-specific-runtime-libs --enable-linker-build-id --enable-linux-futex --program-suffix=-4.8 --without-system-libunwind --with-arch-32=i586 --with-tune=generic --build=x86_64-suse-linux --host=x86_64-suse-linux]
  ignore line: [Thread model: posix]
  ignore line: [gcc version 4.8.5 (SUSE Linux) ]
  ignore line: [COMPILER_PATH=/usr/lib64/gcc/x86_64-suse-linux/4.8/:/usr/lib64/gcc/x86_64-suse-linux/4.8/:/usr/lib64/gcc/x86_64-suse-linux/:/usr/lib64/gcc/x86_64-suse-linux/4.8/:/usr/lib64/gcc/x86_64-suse-linux/:/usr/lib64/gcc/x86_64-suse-linux/4.8/../../../../x86_64-suse-linux/bin/]
  ignore line: [LIBRARY_PATH=/usr/lib64/gcc/x86_64-suse-linux/4.8/:/usr/lib64/gcc/x86_64-suse-linux/4.8/../../../../lib64/:/lib/../lib64/:/usr/lib/../lib64/:/usr/lib64/gcc/x86_64-suse-linux/4.8/../../../../x86_64-suse-linux/lib/:/usr/lib64/gcc/x86_64-suse-linux/4.8/../../../:/lib/:/usr/lib/]
  ignore line: [COLLECT_GCC_OPTIONS='-v' '-o' 'cmTC_98289' '-shared-libgcc' '-mtune=generic' '-march=x86-64']
  link line: [ /usr/lib64/gcc/x86_64-suse-linux/4.8/collect2 --build-id --eh-frame-hdr -m elf_x86_64 -dynamic-linker /lib64/ld-linux-x86-64.so.2 -o cmTC_98289 /usr/lib64/gcc/x86_64-suse-linux/4.8/../../../../lib64/crt1.o /usr/lib64/gcc/x86_64-suse-linux/4.8/../../../../lib64/crti.o /usr/lib64/gcc/x86_64-suse-linux/4.8/crtbegin.o -L/usr/lib64/gcc/x86_64-suse-linux/4.8 -L/usr/lib64/gcc/x86_64-suse-linux/4.8/../../../../lib64 -L/lib/../lib64 -L/usr/lib/../lib64 -L/usr/lib64/gcc/x86_64-suse-linux/4.8/../../../../x86_64-suse-linux/lib -L/usr/lib64/gcc/x86_64-suse-linux/4.8/../../.. CMakeFiles/cmTC_98289.dir/CMakeCXXCompilerABI.cpp.o -lstdc++ -lm -lgcc_s -lgcc -lc -lgcc_s -lgcc /usr/lib64/gcc/x86_64-suse-linux/4.8/crtend.o /usr/lib64/gcc/x86_64-suse-linux/4.8/../../../../lib64/crtn.o]
    arg [/usr/lib64/gcc/x86_64-suse-linux/4.8/collect2] ==> ignore
    arg [--build-id] ==> ignore
    arg [--eh-frame-hdr] ==> ignore
    arg [-m] ==> ignore
    arg [elf_x86_64] ==> ignore
    arg [-dynamic-linker] ==> ignore
    arg [/lib64/ld-linux-x86-64.so.2] ==> ignore
    arg [-o] ==> ignore
    arg [cmTC_98289] ==> ignore
    arg [/usr/lib64/gcc/x86_64-suse-linux/4.8/../../../../lib64/crt1.o] ==> ignore
    arg [/usr/lib64/gcc/x86_64-suse-linux/4.8/../../../../lib64/crti.o] ==> ignore
    arg [/usr/lib64/gcc/x86_64-suse-linux/4.8/crtbegin.o] ==> ignore
    arg [-L/usr/lib64/gcc/x86_64-suse-linux/4.8] ==> dir [/usr/lib64/gcc/x86_64-suse-linux/4.8]
    arg [-L/usr/lib64/gcc/x86_64-suse-linux/4.8/../../../../lib64] ==> dir [/usr/lib64/gcc/x86_64-suse-linux/4.8/../../../../lib64]
    arg [-L/lib/../lib64] ==> dir [/lib/../lib64]
    arg [-L/usr/lib/../lib64] ==> dir [/usr/lib/../lib64]
    arg [-L/usr/lib64/gcc/x86_64-suse-linux/4.8/../../../../x86_64-suse-linux/lib] ==> dir [/usr/lib64/gcc/x86_64-suse-linux/4.8/../../../../x86_64-suse-linux/lib]
    arg [-L/usr/lib64/gcc/x86_64-suse-linux/4.8/../../..] ==> dir [/usr/lib64/gcc/x86_64-suse-linux/4.8/../../..]
    arg [CMakeFiles/cmTC_98289.dir/CMakeCXXCompilerABI.cpp.o] ==> ignore
    arg [-lstdc++] ==> lib [stdc++]
    arg [-lm] ==> lib [m]
    arg [-lgcc_s] ==> lib [gcc_s]
    arg [-lgcc] ==> lib [gcc]
    arg [-lc] ==> lib [c]
    arg [-lgcc_s] ==> lib [gcc_s]
    arg [-lgcc] ==> lib [gcc]
    arg [/usr/lib64/gcc/x86_64-suse-linux/4.8/crtend.o] ==> ignore
    arg [/usr/lib64/gcc/x86_64-suse-linux/4.8/../../../../lib64/crtn.o] ==> ignore
  remove lib [gcc_s]
  remove lib [gcc]
  remove lib [gcc_s]
  remove lib [gcc]
  collapse library dir [/usr/lib64/gcc/x86_64-suse-linux/4.8] ==> [/usr/lib64/gcc/x86_64-suse-linux/4.8]
  collapse library dir [/usr/lib64/gcc/x86_64-suse-linux/4.8/../../../../lib64] ==> [/usr/lib64]
  collapse library dir [/lib/../lib64] ==> [/lib64]
  collapse library dir [/usr/lib/../lib64] ==> [/usr/lib64]
  collapse library dir [/usr/lib64/gcc/x86_64-suse-linux/4.8/../../../../x86_64-suse-linux/lib] ==> [/usr/x86_64-suse-linux/lib]
  collapse library dir [/usr/lib64/gcc/x86_64-suse-linux/4.8/../../..] ==> [/usr/lib64]
  implicit libs: [stdc++;m;c]
  implicit dirs: [/usr/lib64/gcc/x86_64-suse-linux/4.8;/usr/lib64;/lib64;/usr/x86_64-suse-linux/lib]
  implicit fwks: []




Detecting CXX [-std=c++1y] compiler features compiled with the following output:
Change Dir: /home/jeandsmith/Documents/College_Projects/Computer_Science_101/paper-scissor-rock-game/cmake-build-relwithdebinfo/CMakeFiles/CMakeTmp

Run Build Command:"/usr/bin/gmake" "cmTC_1834f/fast"
/usr/bin/gmake -f CMakeFiles/cmTC_1834f.dir/build.make CMakeFiles/cmTC_1834f.dir/build
gmake[1]: Entering directory '/home/jeandsmith/Documents/College_Projects/Computer_Science_101/paper-scissor-rock-game/cmake-build-relwithdebinfo/CMakeFiles/CMakeTmp'
Building CXX object CMakeFiles/cmTC_1834f.dir/feature_tests.cxx.o
/usr/bin/c++    -std=c++1y -o CMakeFiles/cmTC_1834f.dir/feature_tests.cxx.o -c /home/jeandsmith/Documents/College_Projects/Computer_Science_101/paper-scissor-rock-game/cmake-build-relwithdebinfo/CMakeFiles/feature_tests.cxx
Linking CXX executable cmTC_1834f
/home/jeandsmith/.local/share/JetBrains/Toolbox/apps/CLion/ch-0/172.4343.16/bin/cmake/bin/cmake -E cmake_link_script CMakeFiles/cmTC_1834f.dir/link.txt --verbose=1
/usr/bin/c++       CMakeFiles/cmTC_1834f.dir/feature_tests.cxx.o  -o cmTC_1834f 
gmake[1]: Leaving directory '/home/jeandsmith/Documents/College_Projects/Computer_Science_101/paper-scissor-rock-game/cmake-build-relwithdebinfo/CMakeFiles/CMakeTmp'


    Feature record: CXX_FEATURE:0cxx_aggregate_default_initializers
    Feature record: CXX_FEATURE:1cxx_alias_templates
    Feature record: CXX_FEATURE:1cxx_alignas
    Feature record: CXX_FEATURE:1cxx_alignof
    Feature record: CXX_FEATURE:1cxx_attributes
    Feature record: CXX_FEATURE:0cxx_attribute_deprecated
    Feature record: CXX_FEATURE:1cxx_auto_type
    Feature record: CXX_FEATURE:0cxx_binary_literals
    Feature record: CXX_FEATURE:1cxx_constexpr
    Feature record: CXX_FEATURE:0cxx_contextual_conversions
    Feature record: CXX_FEATURE:1cxx_decltype
    Feature record: CXX_FEATURE:0cxx_decltype_auto
    Feature record: CXX_FEATURE:1cxx_decltype_incomplete_return_types
    Feature record: CXX_FEATURE:1cxx_default_function_template_args
    Feature record: CXX_FEATURE:1cxx_defaulted_functions
    Feature record: CXX_FEATURE:1cxx_defaulted_move_initializers
    Feature record: CXX_FEATURE:1cxx_delegating_constructors
    Feature record: CXX_FEATURE:1cxx_deleted_functions
    Feature record: CXX_FEATURE:0cxx_digit_separators
    Feature record: CXX_FEATURE:1cxx_enum_forward_declarations
    Feature record: CXX_FEATURE:1cxx_explicit_conversions
    Feature record: CXX_FEATURE:1cxx_extended_friend_declarations
    Feature record: CXX_FEATURE:1cxx_extern_templates
    Feature record: CXX_FEATURE:1cxx_final
    Feature record: CXX_FEATURE:1cxx_func_identifier
    Feature record: CXX_FEATURE:1cxx_generalized_initializers
    Feature record: CXX_FEATURE:0cxx_generic_lambdas
    Feature record: CXX_FEATURE:1cxx_inheriting_constructors
    Feature record: CXX_FEATURE:1cxx_inline_namespaces
    Feature record: CXX_FEATURE:1cxx_lambdas
    Feature record: CXX_FEATURE:0cxx_lambda_init_captures
    Feature record: CXX_FEATURE:1cxx_local_type_template_args
    Feature record: CXX_FEATURE:1cxx_long_long_type
    Feature record: CXX_FEATURE:1cxx_noexcept
    Feature record: CXX_FEATURE:1cxx_nonstatic_member_init
    Feature record: CXX_FEATURE:1cxx_nullptr
    Feature record: CXX_FEATURE:1cxx_override
    Feature record: CXX_FEATURE:1cxx_range_for
    Feature record: CXX_FEATURE:1cxx_raw_string_literals
    Feature record: CXX_FEATURE:1cxx_reference_qualified_functions
    Feature record: CXX_FEATURE:0cxx_relaxed_constexpr
    Feature record: CXX_FEATURE:0cxx_return_type_deduction
    Feature record: CXX_FEATURE:1cxx_right_angle_brackets
    Feature record: CXX_FEATURE:1cxx_rvalue_references
    Feature record: CXX_FEATURE:1cxx_sizeof_member
    Feature record: CXX_FEATURE:1cxx_static_assert
    Feature record: CXX_FEATURE:1cxx_strong_enums
    Feature record: CXX_FEATURE:1cxx_template_template_parameters
    Feature record: CXX_FEATURE:1cxx_thread_local
    Feature record: CXX_FEATURE:1cxx_trailing_return_types
    Feature record: CXX_FEATURE:1cxx_unicode_literals
    Feature record: CXX_FEATURE:1cxx_uniform_initialization
    Feature record: CXX_FEATURE:1cxx_unrestricted_unions
    Feature record: CXX_FEATURE:1cxx_user_literals
    Feature record: CXX_FEATURE:0cxx_variable_templates
    Feature record: CXX_FEATURE:1cxx_variadic_macros
    Feature record: CXX_FEATURE:1cxx_variadic_templates


Detecting CXX [-std=c++11] compiler features compiled with the following output:
Change Dir: /home/jeandsmith/Documents/College_Projects/Computer_Science_101/paper-scissor-rock-game/cmake-build-relwithdebinfo/CMakeFiles/CMakeTmp

Run Build Command:"/usr/bin/gmake" "cmTC_9c5ed/fast"
/usr/bin/gmake -f CMakeFiles/cmTC_9c5ed.dir/build.make CMakeFiles/cmTC_9c5ed.dir/build
gmake[1]: Entering directory '/home/jeandsmith/Documents/College_Projects/Computer_Science_101/paper-scissor-rock-game/cmake-build-relwithdebinfo/CMakeFiles/CMakeTmp'
Building CXX object CMakeFiles/cmTC_9c5ed.dir/feature_tests.cxx.o
/usr/bin/c++    -std=c++11 -o CMakeFiles/cmTC_9c5ed.dir/feature_tests.cxx.o -c /home/jeandsmith/Documents/College_Projects/Computer_Science_101/paper-scissor-rock-game/cmake-build-relwithdebinfo/CMakeFiles/feature_tests.cxx
Linking CXX executable cmTC_9c5ed
/home/jeandsmith/.local/share/JetBrains/Toolbox/apps/CLion/ch-0/172.4343.16/bin/cmake/bin/cmake -E cmake_link_script CMakeFiles/cmTC_9c5ed.dir/link.txt --verbose=1
/usr/bin/c++       CMakeFiles/cmTC_9c5ed.dir/feature_tests.cxx.o  -o cmTC_9c5ed 
gmake[1]: Leaving directory '/home/jeandsmith/Documents/College_Projects/Computer_Science_101/paper-scissor-rock-game/cmake-build-relwithdebinfo/CMakeFiles/CMakeTmp'


    Feature record: CXX_FEATURE:0cxx_aggregate_default_initializers
    Feature record: CXX_FEATURE:1cxx_alias_templates
    Feature record: CXX_FEATURE:1cxx_alignas
    Feature record: CXX_FEATURE:1cxx_alignof
    Feature record: CXX_FEATURE:1cxx_attributes
    Feature record: CXX_FEATURE:0cxx_attribute_deprecated
    Feature record: CXX_FEATURE:1cxx_auto_type
    Feature record: CXX_FEATURE:0cxx_binary_literals
    Feature record: CXX_FEATURE:1cxx_constexpr
    Feature record: CXX_FEATURE:0cxx_contextual_conversions
    Feature record: CXX_FEATURE:1cxx_decltype
    Feature record: CXX_FEATURE:0cxx_decltype_auto
    Feature record: CXX_FEATURE:1cxx_decltype_incomplete_return_types
    Feature record: CXX_FEATURE:1cxx_default_function_template_args
    Feature record: CXX_FEATURE:1cxx_defaulted_functions
    Feature record: CXX_FEATURE:1cxx_defaulted_move_initializers
    Feature record: CXX_FEATURE:1cxx_delegating_constructors
    Feature record: CXX_FEATURE:1cxx_deleted_functions
    Feature record: CXX_FEATURE:0cxx_digit_separators
    Feature record: CXX_FEATURE:1cxx_enum_forward_declarations
    Feature record: CXX_FEATURE:1cxx_explicit_conversions
    Feature record: CXX_FEATURE:1cxx_extended_friend_declarations
    Feature record: CXX_FEATURE:1cxx_extern_templates
    Feature record: CXX_FEATURE:1cxx_final
    Feature record: CXX_FEATURE:1cxx_func_identifier
    Feature record: CXX_FEATURE:1cxx_generalized_initializers
    Feature record: CXX_FEATURE:0cxx_generic_lambdas
    Feature record: CXX_FEATURE:1cxx_inheriting_constructors
    Feature record: CXX_FEATURE:1cxx_inline_namespaces
    Feature record: CXX_FEATURE:1cxx_lambdas
    Feature record: CXX_FEATURE:0cxx_lambda_init_captures
    Feature record: CXX_FEATURE:1cxx_local_type_template_args
    Feature record: CXX_FEATURE:1cxx_long_long_type
    Feature record: CXX_FEATURE:1cxx_noexcept
    Feature record: CXX_FEATURE:1cxx_nonstatic_member_init
    Feature record: CXX_FEATURE:1cxx_nullptr
    Feature record: CXX_FEATURE:1cxx_override
    Feature record: CXX_FEATURE:1cxx_range_for
    Feature record: CXX_FEATURE:1cxx_raw_string_literals
    Feature record: CXX_FEATURE:1cxx_reference_qualified_functions
    Feature record: CXX_FEATURE:0cxx_relaxed_constexpr
    Feature record: CXX_FEATURE:0cxx_return_type_deduction
    Feature record: CXX_FEATURE:1cxx_right_angle_brackets
    Feature record: CXX_FEATURE:1cxx_rvalue_references
    Feature record: CXX_FEATURE:1cxx_sizeof_member
    Feature record: CXX_FEATURE:1cxx_static_assert
    Feature record: CXX_FEATURE:1cxx_strong_enums
    Feature record: CXX_FEATURE:1cxx_template_template_parameters
    Feature record: CXX_FEATURE:1cxx_thread_local
    Feature record: CXX_FEATURE:1cxx_trailing_return_types
    Feature record: CXX_FEATURE:1cxx_unicode_literals
    Feature record: CXX_FEATURE:1cxx_uniform_initialization
    Feature record: CXX_FEATURE:1cxx_unrestricted_unions
    Feature record: CXX_FEATURE:1cxx_user_literals
    Feature record: CXX_FEATURE:0cxx_variable_templates
    Feature record: CXX_FEATURE:1cxx_variadic_macros
    Feature record: CXX_FEATURE:1cxx_variadic_templates


Detecting CXX [-std=c++98] compiler features compiled with the following output:
Change Dir: /home/jeandsmith/Documents/College_Projects/Computer_Science_101/paper-scissor-rock-game/cmake-build-relwithdebinfo/CMakeFiles/CMakeTmp

Run Build Command:"/usr/bin/gmake" "cmTC_25c79/fast"
/usr/bin/gmake -f CMakeFiles/cmTC_25c79.dir/build.make CMakeFiles/cmTC_25c79.dir/build
gmake[1]: Entering directory '/home/jeandsmith/Documents/College_Projects/Computer_Science_101/paper-scissor-rock-game/cmake-build-relwithdebinfo/CMakeFiles/CMakeTmp'
Building CXX object CMakeFiles/cmTC_25c79.dir/feature_tests.cxx.o
/usr/bin/c++    -std=c++98 -o CMakeFiles/cmTC_25c79.dir/feature_tests.cxx.o -c /home/jeandsmith/Documents/College_Projects/Computer_Science_101/paper-scissor-rock-game/cmake-build-relwithdebinfo/CMakeFiles/feature_tests.cxx
Linking CXX executable cmTC_25c79
/home/jeandsmith/.local/share/JetBrains/Toolbox/apps/CLion/ch-0/172.4343.16/bin/cmake/bin/cmake -E cmake_link_script CMakeFiles/cmTC_25c79.dir/link.txt --verbose=1
/usr/bin/c++       CMakeFiles/cmTC_25c79.dir/feature_tests.cxx.o  -o cmTC_25c79 
gmake[1]: Leaving directory '/home/jeandsmith/Documents/College_Projects/Computer_Science_101/paper-scissor-rock-game/cmake-build-relwithdebinfo/CMakeFiles/CMakeTmp'


    Feature record: CXX_FEATURE:0cxx_aggregate_default_initializers
    Feature record: CXX_FEATURE:0cxx_alias_templates
    Feature record: CXX_FEATURE:0cxx_alignas
    Feature record: CXX_FEATURE:0cxx_alignof
    Feature record: CXX_FEATURE:0cxx_attributes
    Feature record: CXX_FEATURE:0cxx_attribute_deprecated
    Feature record: CXX_FEATURE:0cxx_auto_type
    Feature record: CXX_FEATURE:0cxx_binary_literals
    Feature record: CXX_FEATURE:0cxx_constexpr
    Feature record: CXX_FEATURE:0cxx_contextual_conversions
    Feature record: CXX_FEATURE:0cxx_decltype
    Feature record: CXX_FEATURE:0cxx_decltype_auto
    Feature record: CXX_FEATURE:0cxx_decltype_incomplete_return_types
    Feature record: CXX_FEATURE:0cxx_default_function_template_args
    Feature record: CXX_FEATURE:0cxx_defaulted_functions
    Feature record: CXX_FEATURE:0cxx_defaulted_move_initializers
    Feature record: CXX_FEATURE:0cxx_delegating_constructors
    Feature record: CXX_FEATURE:0cxx_deleted_functions
    Feature record: CXX_FEATURE:0cxx_digit_separators
    Feature record: CXX_FEATURE:0cxx_enum_forward_declarations
    Feature record: CXX_FEATURE:0cxx_explicit_conversions
    Feature record: CXX_FEATURE:0cxx_extended_friend_declarations
    Feature record: CXX_FEATURE:0cxx_extern_templates
    Feature record: CXX_FEATURE:0cxx_final
    Feature record: CXX_FEATURE:0cxx_func_identifier
    Feature record: CXX_FEATURE:0cxx_generalized_initializers
    Feature record: CXX_FEATURE:0cxx_generic_lambdas
    Feature record: CXX_FEATURE:0cxx_inheriting_constructors
    Feature record: CXX_FEATURE:0cxx_inline_namespaces
    Feature record: CXX_FEATURE:0cxx_lambdas
    Feature record: CXX_FEATURE:0cxx_lambda_init_captures
    Feature record: CXX_FEATURE:0cxx_local_type_template_args
    Feature record: CXX_FEATURE:0cxx_long_long_type
    Feature record: CXX_FEATURE:0cxx_noexcept
    Feature record: CXX_FEATURE:0cxx_nonstatic_member_init
    Feature record: CXX_FEATURE:0cxx_nullptr
    Feature record: CXX_FEATURE:0cxx_override
    Feature record: CXX_FEATURE:0cxx_range_for
    Feature record: CXX_FEATURE:0cxx_raw_string_literals
    Feature record: CXX_FEATURE:0cxx_reference_qualified_functions
    Feature record: CXX_FEATURE:0cxx_relaxed_constexpr
    Feature record: CXX_FEATURE:0cxx_return_type_deduction
    Feature record: CXX_FEATURE:0cxx_right_angle_brackets
    Feature record: CXX_FEATURE:0cxx_rvalue_references
    Feature record: CXX_FEATURE:0cxx_sizeof_member
    Feature record: CXX_FEATURE:0cxx_static_assert
    Feature record: CXX_FEATURE:0cxx_strong_enums
    Feature record: CXX_FEATURE:1cxx_template_template_parameters
    Feature record: CXX_FEATURE:0cxx_thread_local
    Feature record: CXX_FEATURE:0cxx_trailing_return_types
    Feature record: CXX_FEATURE:0cxx_unicode_literals
    Feature record: CXX_FEATURE:0cxx_uniform_initialization
    Feature record: CXX_FEATURE:0cxx_unrestricted_unions
    Feature record: CXX_FEATURE:0cxx_user_literals
    Feature record: CXX_FEATURE:0cxx_variable_templates
    Feature record: CXX_FEATURE:0cxx_variadic_macros
    Feature record: CXX_FEATURE:0cxx_variadic_templates
